<?xml version="1.0" encoding="UTF-8"?>
<!-- Generated by org.testng.reporters.JUnitReportReporter -->
<testsuite skipped="0" hostname="SASIKUMAR" name="computers.ACCESSORIES" tests="1" failures="0" timestamp="2022-03-02T17:12:01 IST" time="11.862" errors="0">
  <testcase name="TestingComputers" time="11.862" classname="computers.ACCESSORIES"/>
  <system-out>
Home page is displayed Accessories page is displayed  </system-out>
</testsuite> <!-- computers.ACCESSORIES -->
