<?xml version="1.0" encoding="UTF-8"?>
<!-- Generated by org.testng.reporters.JUnitReportReporter -->
<testsuite skipped="0" hostname="SASIKUMAR" name="computers.DESKTOPS" tests="1" failures="0" timestamp="2022-03-02T17:19:44 IST" time="15.210" errors="0">
  <testcase name="TestingComputers" time="15.210" classname="computers.DESKTOPS"/>
  <system-out>
Home page is displayed Desktop page is displayed  </system-out>
</testsuite> <!-- computers.DESKTOPS -->
