<?xml version="1.0" encoding="UTF-8"?>
<!-- Generated by org.testng.reporters.JUnitReportReporter -->
<testsuite skipped="0" hostname="SASIKUMAR" name="computers.NOTEBOOKS" tests="1" failures="0" timestamp="2022-03-03T09:51:53 IST" time="12.970" errors="0">
  <testcase name="TestingComputers" time="12.970" classname="computers.NOTEBOOKS"/>
  <system-out>
Home page is displayed Notebooks page is displayed  </system-out>
</testsuite> <!-- computers.NOTEBOOKS -->
