<?xml version="1.0" encoding="UTF-8"?>
<!-- Generated by org.testng.reporters.JUnitReportReporter -->
<testsuite skipped="0" hostname="SASIKUMAR" name="computers.SampleTestCase" tests="1" failures="0" timestamp="2022-03-01T15:35:48 IST" time="5.123" errors="0">
  <testcase name="sample" time="5.123" classname="computers.SampleTestCase"/>
  <system-out/>
</testsuite> <!-- computers.SampleTestCase -->
