<?xml version="1.0" encoding="UTF-8"?>
<!-- Generated by org.testng.reporters.JUnitReportReporter -->
<testsuite skipped="0" hostname="SASIKUMAR" name="computers.ComputersTest" tests="1" failures="0" timestamp="2022-03-02T09:30:25 IST" time="10.787" errors="0">
  <testcase name="TestingComputers" time="10.787" classname="computers.ComputersTest"/>
  <system-out/>
</testsuite> <!-- computers.ComputersTest -->
